<?xml version="1.0" encoding="utf-8"?>
<coverage line-rate="0.6695" branch-rate="0.5578" version="1.9" timestamp="1784940220" lines-covered="1388" lines-valid="2073" branches-covered="579" branches-valid="1038">
  <sources>
    <source>/home/runner/work/PokemonEncyclopedia/PokemonEncyclopedia/</source>
  </sources>
  <packages>
    <package name="PokemonEncyclopedia.ApiService" line-rate="0.3504" branch-rate="0.19870000000000002" complexity="351">
      <classes>
        <class name="Program" filename="PokemonEncyclopedia.ApiService/Program.cs" line-rate="0" branch-rate="1" complexity="1">
          <methods>
            <method name="&lt;Main&gt;$" signature="(System.String[])" line-rate="0" branch-rate="1" complexity="1">
              <lines>
                <line number="3" hits="0" branch="False" />
                <line number="4" hits="0" branch="False" />
                <line number="6" hits="0" branch="False" />
                <line number="8" hits="0" branch="False" />
                <line number="9" hits="0" branch="False" />
                <line number="10" hits="0" branch="False" />
              </lines>
            </method>
          </methods>
          <lines>
            <line number="3" hits="0" branch="False" />
            <line number="4" hits="0" branch="False" />
            <line number="6" hits="0" branch="False" />
            <line number="8" hits="0" branch="False" />
            <line number="9" hits="0" branch="False" />
            <line number="10" hits="0" branch="False" />
          </lines>
        </class>
        <class name="Microsoft.AspNetCore.OpenApi.Generated.&lt;OpenApiXmlCommentSupport_generated&gt;FFCC9D65A3C505A705AA3902432BE765970CC2C6FF4C813AB4AA1CEBAE4A57891__XmlComment" filename="PokemonEncyclopedia.ApiService/obj/Release/net10.0/Microsoft.AspNetCore.OpenApi.SourceGenerators/Microsoft.AspNetCore.OpenApi.SourceGenerators.XmlCommentGenerator/OpenApiXmlCommentSupport.generated.cs" line-rate="0" branch-rate="1" complexity="10">
          <methods>
            <method name="get_Summary" signature="()" line-rate="0" branch-rate="1" complexity="1">
              <lines>
                <line number="47" hits="0" branch="False" />
              </lines>
            </method>
            <method name="get_Description" signature="()" line-rate="0" branch-rate="1" complexity="1">
              <lines>
                <line number="48" hits="0" branch="False" />
              </lines>
            </method>
            <method name="get_Remarks" signature="()" line-rate="0" branch-rate="1" complexity="1">
              <lines>
                <line number="49" hits="0" branch="False" />
              </lines>
            </method>
            <method name="get_Returns" signature="()" line-rate="0" branch-rate="1" complexity="1">
              <lines>
                <line number="50" hits="0" branch="False" />
              </lines>
            </method>
            <method name="get_Value" signature="()" line-rate="0" branch-rate="1" complexity="1">
              <lines>
                <line number="51" hits="0" branch="False" />
              </lines>
            </method>
            <method name="get_Deprecated" signature="()" line-rate="0" branch-rate="1" complexity="1">
              <lines>
                <line number="52" hits="0" branch="False" />
              </lines>
            </method>
            <method name="get_Examples" signature="()" line-rate="0" branch-rate="1" complexity="1">
              <lines>
                <line number="53" hits="0" branch="False" />
              </lines>
            </method>
            <method name="get_Parameters" signature="()" line-rate="0" branch-rate="1" complexity="1">
              <lines>
                <line number="54" hits="0" branch="False" />
              </lines>
            </method>
            <method name="get_Responses" signature="()" line-rate="0" branch-rate="1" complexity="1">
              <lines>
                <line number="55" hits="0" branch="False" />
              </lines>
            </method>
            <method name=".ctor" signature="(System.String,System.String,System.String,System.String,System.String,System.Boolean,System.Collections.Generic.List`1&lt;System.String&gt;,System.Collections.Generic.List`1&lt;Microsoft.AspNetCore.OpenApi.Generated.&lt;OpenApiXmlCommentSupport_generated&gt;FFCC9D65A3C505A705AA3902432BE765970CC2C6FF4C813AB4AA1CEBAE4A57891__XmlParameterComment&gt;,System.Collections.Generic.List`1&lt;Microsoft.AspNetCore.OpenApi.Generated.&lt;OpenApiXmlCommentSupport_generated&gt;FFCC9D65A3C505A705AA3902432BE765970CC2C6FF4C813AB4AA1CEBAE4A57891__XmlResponseComment&gt;)" line-rate="0" branch-rate="1" complexity="1">
              <lines>
                <line number="46" hits="0" branch="False" />
              </lines>
            </method>
          </methods>
          <lines>
            <line number="47" hits="0" branch="False" />
            <line number="48" hits="0" branch="False" />
            <line number="49" hits="0" branch="False" />
            <line number="50" hits="0" branch="False" />
            <line number="51" hits="0" branch="False" />
            <line number="52" hits="0" branch="False" />
            <line number="53" hits="0" branch="False" />
            <line number="54" hits="0" branch="False" />
            <line number="55" hits="0" branch="False" />
            <line number="46" hits="0" branch="False" />
          </lines>
        </class>
        <class name="Microsoft.AspNetCore.OpenApi.Generated.&lt;OpenApiXmlCommentSupport_generated&gt;FFCC9D65A3C505A705AA3902432BE765970CC2C6FF4C813AB4AA1CEBAE4A57891__XmlParameterComment" filename="PokemonEncyclopedia.ApiService/obj/Release/net10.0/Microsoft.AspNetCore.OpenApi.SourceGenerators/Microsoft.AspNetCore.OpenApi.SourceGenerators.XmlCommentGenerator/OpenApiXmlCommentSupport.generated.cs" line-rate="0" branch-rate="1" complexity="1">
          <methods>
            <method name="get_Name" signature="()" line-rate="0" branch-rate="1" complexity="1">
              <lines>
                <line number="58" hits="0" branch="False" />
              </lines>
            </method>
          </methods>
          <lines>
            <line number="58" hits="0" branch="False" />
          </lines>
        </class>
        <class name="Microsoft.AspNetCore.OpenApi.Generated.&lt;OpenApiXmlCommentSupport_generated&gt;FFCC9D65A3C505A705AA3902432BE765970CC2C6FF4C813AB4AA1CEBAE4A57891__XmlResponseComment" filename="PokemonEncyclopedia.ApiService/obj/Release/net10.0/Microsoft.AspNetCore.OpenApi.SourceGenerators/Microsoft.AspNetCore.OpenApi.SourceGenerators.XmlCommentGenerator/OpenApiXmlCommentSupport.generated.cs" line-rate="0" branch-rate="1" complexity="1">
          <methods>
            <method name="get_Code" signature="()" line-rate="0" branch-rate="1" complexity="1">
              <lines>
                <line number="61" hits="0" branch="False" />
              </lines>
            </method>
          </methods>
          <lines>
            <line number="61" hits="0" branch="False" />
          </lines>
        </class>
        <class name="Microsoft.AspNetCore.OpenApi.Generated.&lt;OpenApiXmlCommentSupport_generated&gt;FFCC9D65A3C505A705AA3902432BE765970CC2C6FF4C813AB4AA1CEBAE4A57891__XmlCommentCache" filename="PokemonEncyclopedia.ApiService/obj/Release/net10.0/Microsoft.AspNetCore.OpenApi.SourceGenerators/Microsoft.AspNetCore.OpenApi.SourceGenerators.XmlCommentGenerator/OpenApiXmlCommentSupport.generated.cs" line-rate="0" branch-rate="0" complexity="3">
          <methods>
            <method name="get_Cache" signature="()" line-rate="0" branch-rate="0" complexity="2">
              <lines>
                <line number="67" hits="0" branch="True" condition-coverage="0% (0/2)">
                  <conditions>
                    <condition number="6" type="jump" coverage="0%" />
                  </conditions>
                </line>
              </lines>
            </method>
            <method name="GenerateCacheEntries" signature="()" line-rate="0" branch-rate="1" complexity="1">
              <lines>
                <line number="71" hits="0" branch="False" />
                <line number="72" hits="0" branch="False" />
                <line number="73" hits="0" branch="False" />
                <line number="74" hits="0" branch="False" />
                <line number="75" hits="0" branch="False" />
                <line number="76" hits="0" branch="False" />
                <line number="77" hits="0" branch="False" />
                <line number="78" hits="0" branch="False" />
                <line number="79" hits="0" branch="False" />
                <line number="80" hits="0" branch="False" />
                <line number="81" hits="0" branch="False" />
                <line number="82" hits="0" branch="False" />
                <line number="83" hits="0" branch="False" />
                <line number="84" hits="0" branch="False" />
                <line number="85" hits="0" branch="False" />
                <line number="87" hits="0" branch="False" />
                <line number="88" hits="0" branch="False" />
                <line number="89" hits="0" branch="False" />
                <line number="90" hits="0" branch="False" />
                <line number="91" hits="0" branch="False" />
                <line number="93" hits="0" branch="False" />
                <line number="94" hits="0" branch="False" />
                <line number="95" hits="0" branch="False" />
                <line number="97" hits="0" branch="False" />
              </lines>
            </method>
          </methods>
          <lines>
            <line number="67" hits="0" branch="True" condition-coverage="0% (0/2)">
              <conditions>
                <condition number="6" type="jump" coverage="0%" />
              </conditions>
            </line>
            <line number="71" hits="0" branch="False" />
            <line number="72" hits="0" branch="False" />
            <line number="73" hits="0" branch="False" />
            <line number="74" hits="0" branch="False" />
            <line number="75" hits="0" branch="False" />
            <line number="76" hits="0" branch="False" />
            <line number="77" hits="0" branch="False" />
            <line number="78" hits="0" branch="False" />
            <line number="79" hits="0" branch="False" />
            <line number="80" hits="0" branch="False" />
            <line number="81" hits="0" branch="False" />
            <line number="82" hits="0" branch="False" />
            <line number="83" hits="0" branch="False" />
            <line number="84" hits="0" branch="False" />
            <line number="85" hits="0" branch="False" />
            <line number="87" hits="0" branch="False" />
            <line number="88" hits="0" branch="False" />
            <line number="89" hits="0" branch="False" />
            <line number="90" hits="0" branch="False" />
            <line number="91" hits="0" branch="False" />
            <line number="93" hits="0" branch="False" />
            <line number="94" hits="0" branch="False" />
            <line number="95" hits="0" branch="False" />
            <line number="97" hits="0" branch="False" />
          </lines>
        </class>
        <class name="Microsoft.AspNetCore.OpenApi.Generated.&lt;OpenApiXmlCommentSupport_generated&gt;FFCC9D65A3C505A705AA3902432BE765970CC2C6FF4C813AB4AA1CEBAE4A57891__DocumentationCommentIdHelper" filename="PokemonEncyclopedia.ApiService/obj/Release/net10.0/Microsoft.AspNetCore.OpenApi.SourceGenerators/Microsoft.AspNetCore.OpenApi.SourceGenerators.XmlCommentGenerator/OpenApiXmlCommentSupport.generated.cs" line-rate="0" branch-rate="0" complexity="68">
          <methods>
            <method name="CreateDocumentationId" signature="(System.Type)" line-rate="0" branch-rate="0" complexity="2">
              <lines>
                <line number="110" hits="0" branch="True" condition-coverage="0% (0/2)">
                  <conditions>
                    <condition number="7" type="jump" coverage="0%" />
                  </conditions>
                </line>
                <line number="112" hits="0" branch="False" />
                <line number="115" hits="0" branch="False" />
              </lines>
            </method>
            <method name="CreateDocumentationId" signature="(System.Reflection.PropertyInfo)" line-rate="0" branch-rate="0" complexity="10">
              <lines>
                <line number="124" hits="0" branch="True" condition-coverage="0% (0/2)">
                  <conditions>
                    <condition number="7" type="jump" coverage="0%" />
                  </conditions>
                </line>
                <line number="126" hits="0" branch="False" />
                <line number="129" hits="0" branch="False" />
                <line number="130" hits="0" branch="False" />
                <line number="132" hits="0" branch="True" condition-coverage="0% (0/2)">
                  <conditions>
                    <condition number="50" type="jump" coverage="0%" />
                  </conditions>
                </line>
                <line number="134" hits="0" branch="False" />
                <line number="137" hits="0" branch="False" />
                <line number="138" hits="0" branch="False" />
                <line number="141" hits="0" branch="False" />
                <line number="142" hits="0" branch="True" condition-coverage="0% (0/2)">
                  <conditions>
                    <condition number="103" type="jump" coverage="0%" />
                  </conditions>
                </line>
                <line number="144" hits="0" branch="False" />
                <line number="145" hits="0" branch="True" condition-coverage="0% (0/2)">
                  <conditions>
                    <condition number="161" type="jump" coverage="0%" />
                  </conditions>
                </line>
                <line number="147" hits="0" branch="True" condition-coverage="0% (0/2)">
                  <conditions>
                    <condition number="120" type="jump" coverage="0%" />
                  </conditions>
                </line>
                <line number="149" hits="0" branch="False" />
                <line number="152" hits="0" branch="False" />
                <line number="154" hits="0" branch="False" />
                <line number="157" hits="0" branch="False" />
              </lines>
            </method>
            <method name="CreateDocumentationId" signature="(System.Type,System.String)" line-rate="0" branch-rate="0" complexity="4">
              <lines>
                <line number="166" hits="0" branch="True" condition-coverage="0% (0/2)">
                  <conditions>
                    <condition number="7" type="jump" coverage="0%" />
                  </conditions>
                </line>
                <line number="168" hits="0" branch="False" />
                <line number="170" hits="0" branch="True" condition-coverage="0% (0/2)">
                  <conditions>
                    <condition number="26" type="jump" coverage="0%" />
                  </conditions>
                </line>
                <line number="172" hits="0" branch="False" />
                <line number="175" hits="0" branch="False" />
                <line number="176" hits="0" branch="False" />
                <line number="177" hits="0" branch="False" />
                <line number="178" hits="0" branch="False" />
                <line number="179" hits="0" branch="False" />
                <line number="181" hits="0" branch="False" />
              </lines>
            </method>
            <method name="CreateDocumentationId" signature="(System.Reflection.MethodInfo)" line-rate="0" branch-rate="0" complexity="18">
              <lines>
                <line number="192" hits="0" branch="True" condition-coverage="0% (0/2)">
                  <conditions>
                    <condition number="7" type="jump" coverage="0%" />
                  </conditions>
                </line>
                <line number="194" hits="0" branch="False" />
                <line number="197" hits="0" branch="False" />
                <line number="198" hits="0" branch="False" />
                <line number="201" hits="0" branch="True" condition-coverage="0% (0/2)">
                  <conditions>
                    <condition number="50" type="jump" coverage="0%" />
                  </conditions>
                </line>
                <line number="203" hits="0" branch="False" />
                <line number="206" hits="0" branch="False" />
                <line number="209" hits="0" branch="True" condition-coverage="0% (0/2)">
                  <conditions>
                    <condition number="87" type="jump" coverage="0%" />
                  </conditions>
                </line>
                <line number="211" hits="0" branch="True" condition-coverage="0% (0/2)">
                  <conditions>
                    <condition number="96" type="jump" coverage="0%" />
                  </conditions>
                </line>
                <line number="215" hits="0" branch="False" />
                <line number="216" hits="0" branch="True" condition-coverage="0% (0/2)">
                  <conditions>
                    <condition number="137" type="jump" coverage="0%" />
                  </conditions>
                </line>
                <line number="218" hits="0" branch="False" />
                <line number="219" hits="0" branch="False" />
                <line number="224" hits="0" branch="False" />
                <line number="225" hits="0" branch="True" condition-coverage="0% (0/2)">
                  <conditions>
                    <condition number="190" type="jump" coverage="0%" />
                  </conditions>
                </line>
                <line number="227" hits="0" branch="False" />
                <line number="228" hits="0" branch="True" condition-coverage="0% (0/2)">
                  <conditions>
                    <condition number="248" type="jump" coverage="0%" />
                  </conditions>
                </line>
                <line number="230" hits="0" branch="True" condition-coverage="0% (0/2)">
                  <conditions>
                    <condition number="207" type="jump" coverage="0%" />
                  </conditions>
                </line>
                <line number="232" hits="0" branch="False" />
                <line number="236" hits="0" branch="False" />
                <line number="238" hits="0" branch="False" />
                <line number="242" hits="0" branch="True" condition-coverage="0% (0/2)">
                  <conditions>
                    <condition number="280" type="jump" coverage="0%" />
                  </conditions>
                </line>
                <line number="244" hits="0" branch="False" />
                <line number="246" hits="0" branch="False" />
                <line number="249" hits="0" branch="False" />
              </lines>
            </method>
            <method name="GetTypeDocId" signature="(System.Type,System.Boolean,System.Boolean)" line-rate="0" branch-rate="0" complexity="28">
              <lines>
                <line number="262" hits="0" branch="True" condition-coverage="0% (0/2)">
                  <conditions>
                    <condition number="6" type="jump" coverage="0%" />
                  </conditions>
                </line>
                <line number="265" hits="0" branch="True" condition-coverage="0% (0/2)">
                  <conditions>
                    <condition number="20" type="jump" coverage="0%" />
                  </conditions>
                </line>
                <line number="267" hits="0" branch="False" />
                <line number="269" hits="0" branch="True" condition-coverage="0% (0/2)">
                  <conditions>
                    <condition number="59" type="jump" coverage="0%" />
                  </conditions>
                </line>
                <line number="271" hits="0" branch="False" />
                <line number="275" hits="0" branch="False" />
                <line number="279" hits="0" branch="True" condition-coverage="0% (0/2)">
                  <conditions>
                    <condition number="99" type="jump" coverage="0%" />
                  </conditions>
                </line>
                <line number="281" hits="0" branch="False" />
                <line number="282" hits="0" branch="True" condition-coverage="0% (0/2)">
                  <conditions>
                    <condition number="118" type="jump" coverage="0%" />
                  </conditions>
                </line>
                <line number="284" hits="0" branch="False" />
                <line number="287" hits="0" branch="True" condition-coverage="0% (0/2)">
                  <conditions>
                    <condition number="201" type="jump" coverage="0%" />
                  </conditions>
                </line>
                <line number="289" hits="0" branch="False" />
                <line number="290" hits="0" branch="True" condition-coverage="0% (0/2)">
                  <conditions>
                    <condition number="159" type="jump" coverage="0%" />
                  </conditions>
                </line>
                <line number="292" hits="0" branch="False" />
                <line number="294" hits="0" branch="True" condition-coverage="0% (0/2)">
                  <conditions>
                    <condition number="176" type="jump" coverage="0%" />
                  </conditions>
                </line>
                <line number="300" hits="0" branch="False" />
                <line number="304" hits="0" branch="True" condition-coverage="0% (0/2)">
                  <conditions>
                    <condition number="204" type="jump" coverage="0%" />
                  </conditions>
                </line>
                <line number="306" hits="0" branch="False" />
                <line number="307" hits="0" branch="False" />
                <line number="308" hits="0" branch="False" />
                <line number="311" hits="0" branch="True" condition-coverage="0% (0/4)">
                  <conditions>
                    <condition number="250" type="jump" coverage="0%" />
                    <condition number="258" type="jump" coverage="0%" />
                  </conditions>
                </line>
                <line number="313" hits="0" branch="False" />
                <line number="314" hits="0" branch="False" />
                <line number="316" hits="0" branch="True" condition-coverage="0% (0/2)">
                  <conditions>
                    <condition number="327" type="jump" coverage="0%" />
                  </conditions>
                </line>
                <line number="318" hits="0" branch="True" condition-coverage="0% (0/2)">
                  <conditions>
                    <condition number="285" type="jump" coverage="0%" />
                  </conditions>
                </line>
                <line number="320" hits="0" branch="False" />
                <line number="323" hits="0" branch="False" />
                <line number="326" hits="0" branch="False" />
                <line number="329" hits="0" branch="False" />
                <line number="333" hits="0" branch="True" condition-coverage="0% (0/2)">
                  <conditions>
                    <condition number="352" type="jump" coverage="0%" />
                  </conditions>
                </line>
              </lines>
            </method>
            <method name="NormalizeDocId" signature="(System.String)" line-rate="0" branch-rate="0" complexity="6">
              <lines>
                <line number="345" hits="0" branch="False" />
                <line number="346" hits="0" branch="True" condition-coverage="0% (0/2)">
                  <conditions>
                    <condition number="11" type="jump" coverage="0%" />
                  </conditions>
                </line>
                <line number="349" hits="0" branch="False" />
                <line number="354" hits="0" branch="True" condition-coverage="0% (0/4)">
                  <conditions>
                    <condition number="26" type="jump" coverage="0%" />
                    <condition number="39" type="jump" coverage="0%" />
                  </conditions>
                </line>
                <line number="356" hits="0" branch="False" />
                <line number="360" hits="0" branch="False" />
              </lines>
            </method>
          </methods>
          <lines>
            <line number="110" hits="0" branch="True" condition-coverage="0% (0/2)">
              <conditions>
                <condition number="7" type="jump" coverage="0%" />
              </conditions>
            </line>
            <line number="112" hits="0" branch="False" />
            <line number="115" hits="0" branch="False" />
            <line number="124" hits="0" branch="True" condition-coverage="0% (0/2)">
              <conditions>
                <condition number="7" type="jump" coverage="0%" />
              </conditions>
            </line>
            <line number="126" hits="0" branch="False" />
            <line number="129" hits="0" branch="False" />
            <line number="130" hits="0" branch="False" />
            <line number="132" hits="0" branch="True" condition-coverage="0% (0/2)">
              <conditions>
                <condition number="50" type="jump" coverage="0%" />
              </conditions>
            </line>
            <line number="134" hits="0" branch="False" />
            <line number="137" hits="0" branch="False" />
            <line number="138" hits="0" branch="False" />
            <line number="141" hits="0" branch="False" />
            <line number="142" hits="0" branch="True" condition-coverage="0% (0/2)">
              <conditions>
                <condition number="103" type="jump" coverage="0%" />
              </conditions>
            </line>
            <line number="144" hits="0" branch="False" />
            <line number="145" hits="0" branch="True" condition-coverage="0% (0/2)">
              <conditions>
                <condition number="161" type="jump" coverage="0%" />
              </conditions>
            </line>
            <line number="147" hits="0" branch="True" condition-coverage="0% (0/2)">
              <conditions>
                <condition number="120" type="jump" coverage="0%" />
              </conditions>
            </line>
            <line number="149" hits="0" branch="False" />
            <line number="152" hits="0" branch="False" />
            <line number="154" hits="0" branch="False" />
            <line number="157" hits="0" branch="False" />
            <line number="166" hits="0" branch="True" condition-coverage="0% (0/2)">
              <conditions>
                <condition number="7" type="jump" coverage="0%" />
              </conditions>
            </line>
            <line number="168" hits="0" branch="False" />
            <line number="170" hits="0" branch="True" condition-coverage="0% (0/2)">
              <conditions>
                <condition number="26" type="jump" coverage="0%" />
              </conditions>
            </line>
            <line number="172" hits="0" branch="False" />
            <line number="175" hits="0" branch="False" />
            <line number="176" hits="0" branch="False" />
            <line number="177" hits="0" branch="False" />
            <line number="178" hits="0" branch="False" />
            <line number="179" hits="0" branch="False" />
            <line number="181" hits="0" branch="False" />
            <line number="192" hits="0" branch="True" condition-coverage="0% (0/2)">
              <conditions>
                <condition number="7" type="jump" coverage="0%" />
              </conditions>
            </line>
            <line number="194" hits="0" branch="False" />
            <line number="197" hits="0" branch="False" />
            <line number="198" hits="0" branch="False" />
            <line number="201" hits="0" branch="True" condition-coverage="0% (0/2)">
              <conditions>
                <condition number="50" type="jump" coverage="0%" />
              </conditions>
            </line>
            <line number="203" hits="0" branch="False" />
            <line number="206" hits="0" branch="False" />
            <line number="209" hits="0" branch="True" condition-coverage="0% (0/2)">
              <conditions>
                <condition number="87" type="jump" coverage="0%" />
              </conditions>
            </line>
            <line number="211" hits="0" branch="True" condition-coverage="0% (0/2)">
              <conditions>
                <condition number="96" type="jump" coverage="0%" />
              </conditions>
            </line>
            <line number="215" hits="0" branch="False" />
            <line number="216" hits="0" branch="True" condition-coverage="0% (0/2)">
              <conditions>
                <condition number="137" type="jump" coverage="0%" />
              </conditions>
            </line>
            <line number="218" hits="0" branch="False" />
            <line number="219" hits="0" branch="False" />
            <line number="224" hits="0" branch="False" />
            <line number="225" hits="0" branch="True" condition-coverage="0% (0/2)">
              <conditions>
                <condition number="190" type="jump" coverage="0%" />
              </conditions>
            </line>
            <line number="227" hits="0" branch="False" />
            <line number="228" hits="0" branch="True" condition-coverage="0% (0/2)">
              <conditions>
                <condition number="248" type="jump" coverage="0%" />
              </conditions>
            </line>
            <line number="230" hits="0" branch="True" condition-coverage="0% (0/2)">
              <conditions>
                <condition number="207" type="jump" coverage="0%" />
              </conditions>
            </line>
            <line number="232" hits="0" branch="False" />
            <line number="236" hits="0" branch="False" />
            <line number="238" hits="0" branch="False" />
            <line number="242" hits="0" branch="True" condition-coverage="0% (0/2)">
              <conditions>
                <condition number="280" type="jump" coverage="0%" />
              </conditions>
            </line>
            <line number="244" hits="0" branch="False" />
            <line number="246" hits="0" branch="False" />
            <line number="249" hits="0" branch="False" />
            <line number="262" hits="0" branch="True" condition-coverage="0% (0/2)">
              <conditions>
                <condition number="6" type="jump" coverage="0%" />
              </conditions>
            </line>
            <line number="265" hits="0" branch="True" condition-coverage="0% (0/2)">
              <conditions>
                <condition number="20" type="jump" coverage="0%" />
              </conditions>
            </line>
            <line number="267" hits="0" branch="False" />
            <line number="269" hits="0" branch="True" condition-coverage="0% (0/2)">
              <conditions>
                <condition number="59" type="jump" coverage="0%" />
              </conditions>
            </line>
            <line number="271" hits="0" branch="False" />
            <line number="275" hits="0" branch="False" />
            <line number="279" hits="0" branch="True" condition-coverage="0% (0/2)">
              <conditions>
                <condition number="99" type="jump" coverage="0%" />
              </conditions>
            </line>
            <line number="281" hits="0" branch="False" />
            <line number="282" hits="0" branch="True" condition-coverage="0% (0/2)">
              <conditions>
                <condition number="118" type="jump" coverage="0%" />
              </conditions>
            </line>
            <line number="284" hits="0" branch="False" />
            <line number="287" hits="0" branch="True" condition-coverage="0% (0/2)">
              <conditions>
                <condition number="201" type="jump" coverage="0%" />
              </conditions>
            </line>
            <line number="289" hits="0" branch="False" />
            <line number="290" hits="0" branch="True" condition-coverage="0% (0/2)">
              <conditions>
                <condition number="159" type="jump" coverage="0%" />
              </conditions>
            </line>
            <line number="292" hits="0" branch="False" />
            <line number="294" hits="0" branch="True" condition-coverage="0% (0/2)">
              <conditions>
                <condition number="176" type="jump" coverage="0%" />
              </conditions>
            </line>
            <line number="300" hits="0" branch="False" />
            <line number="304" hits="0" branch="True" condition-coverage="0% (0/2)">
              <conditions>
                <condition number="204" type="jump" coverage="0%" />
              </conditions>
            </line>
            <line number="306" hits="0" branch="False" />
            <line number="307" hits="0" branch="False" />
            <line number="308" hits="0" branch="False" />
            <line number="311" hits="0" branch="True" condition-coverage="0% (0/4)">
              <conditions>
                <condition number="250" type="jump" coverage="0%" />
                <condition number="258" type="jump" coverage="0%" />
              </conditions>
            </line>
            <line number="313" hits="0" branch="False" />
            <line number="314" hits="0" branch="False" />
            <line number="316" hits="0" branch="True" condition-coverage="0% (0/2)">
              <conditions>
                <condition number="327" type="jump" coverage="0%" />
              </conditions>
            </line>
            <line number="318" hits="0" branch="True" condition-coverage="0% (0/2)">
              <conditions>
                <condition number="285" type="jump" coverage="0%" />
              </conditions>
            </line>
            <line number="320" hits="0" branch="False" />
            <line number="323" hits="0" branch="False" />
            <line number="326" hits="0" branch="False" />
            <line number="329" hits="0" branch="False" />
            <line number="333" hits="0" branch="True" condition-coverage="0% (0/2)">
              <conditions>
                <condition number="352" type="jump" coverage="0%" />
              </conditions>
            </line>
            <line number="345" hits="0" branch="False" />
            <line number="346" hits="0" branch="True" condition-coverage="0% (0/2)">
              <conditions>
                <condition number="11" type="jump" coverage="0%" />
              </conditions>
            </line>
            <line number="349" hits="0" branch="False" />
            <line number="354" hits="0" branch="True" condition-coverage="0% (0/4)">
              <conditions>
                <condition number="26" type="jump" coverage="0%" />
                <condition number="39" type="jump" coverage="0%" />
              </conditions>
            </line>
            <line number="356" hits="0" branch="False" />
            <line number="360" hits="0" branch="False" />
          </lines>
        </class>
        <class name="Microsoft.AspNetCore.OpenApi.Generated.&lt;OpenApiXmlCommentSupport_generated&gt;FFCC9D65A3C505A705AA3902432BE765970CC2C6FF4C813AB4AA1CEBAE4A57891__XmlCommentOperationTransformer" filename="PokemonEncyclopedia.ApiService/obj/Release/net10.0/Microsoft.AspNetCore.OpenApi.SourceGenerators/Microsoft.AspNetCore.OpenApi.SourceGenerators.XmlCommentGenerator/OpenApiXmlCommentSupport.generated.cs" line-rate="0" branch-rate="0" complexity="100">
          <methods>
            <method name="TransformAsync" signature="(Microsoft.OpenApi.OpenApiOperation,Microsoft.AspNetCore.OpenApi.OpenApiOperationTransformerContext,System.Threading.CancellationToken)" line-rate="0" branch-rate="0" complexity="94">
              <lines>
                <line number="369" hits="0" branch="True" condition-coverage="0% (0/2)">
                  <conditions>
                    <condition number="18" type="jump" coverage="0%" />
                  </conditions>
                </line>
                <line number="370" hits="0" branch="False" />
                <line number="371" hits="0" branch="False" />
                <line number="373" hits="0" branch="True" condition-coverage="0% (0/2)">
                  <conditions>
                    <condition number="56" type="jump" coverage="0%" />
                  </conditions>
                </line>
                <line number="375" hits="0" branch="False" />
                <line number="377" hits="0" branch="True" condition-coverage="0% (0/2)">
                  <conditions>
                    <condition number="87" type="jump" coverage="0%" />
                  </conditions>
                </line>
                <line number="379" hits="0" branch="True" condition-coverage="0% (0/2)">
                  <conditions>
                    <condition number="100" type="jump" coverage="0%" />
                  </conditions>
                </line>
                <line number="381" hits="0" branch="False" />
                <line number="383" hits="0" branch="True" condition-coverage="0% (0/2)">
                  <conditions>
                    <condition number="119" type="jump" coverage="0%" />
                  </conditions>
                </line>
                <line number="385" hits="0" branch="False" />
                <line number="387" hits="0" branch="True" condition-coverage="0% (0/2)">
                  <conditions>
                    <condition number="139" type="jump" coverage="0%" />
                  </conditions>
                </line>
                <line number="389" hits="0" branch="False" />
                <line number="391" hits="0" branch="True" condition-coverage="0% (0/4)">
                  <conditions>
                    <condition number="159" type="jump" coverage="0%" />
                    <condition number="172" type="jump" coverage="0%" />
                  </conditions>
                </line>
                <line number="393" hits="0" branch="True" condition-coverage="0% (0/2)">
                  <conditions>
                    <condition number="508" type="jump" coverage="0%" />
                  </conditions>
                </line>
                <line number="395" hits="0" branch="False" />
                <line number="396" hits="0" branch="True" condition-coverage="0% (0/2)">
                  <conditions>
                    <condition number="249" type="jump" coverage="0%" />
                  </conditions>
                </line>
                <line number="397" hits="0" branch="True" condition-coverage="0% (0/2)">
                  <conditions>
                    <condition number="277" type="jump" coverage="0%" />
                  </conditions>
                </line>
                <line number="399" hits="0" branch="False" />
                <line number="400" hits="0" branch="False" />
                <line number="401" hits="0" branch="True" condition-coverage="0% (0/2)">
                  <conditions>
                    <condition number="323" type="jump" coverage="0%" />
                  </conditions>
                </line>
                <line number="403" hits="0" branch="False" />
                <line number="405" hits="0" branch="False" />
                <line number="409" hits="0" branch="False" />
                <line number="410" hits="0" branch="True" condition-coverage="0% (0/2)">
                  <conditions>
                    <condition number="373" type="jump" coverage="0%" />
                  </conditions>
                </line>
                <line number="412" hits="0" branch="False" />
                <line number="413" hits="0" branch="True" condition-coverage="0% (0/2)">
                  <conditions>
                    <condition number="410" type="jump" coverage="0%" />
                  </conditions>
                </line>
                <line number="415" hits="0" branch="True" condition-coverage="0% (0/4)">
                  <conditions>
                    <condition number="414" type="jump" coverage="0%" />
                    <condition number="427" type="jump" coverage="0%" />
                  </conditions>
                </line>
                <line number="416" hits="0" branch="True" condition-coverage="0% (0/2)">
                  <conditions>
                    <condition number="442" type="jump" coverage="0%" />
                  </conditions>
                </line>
                <line number="420" hits="0" branch="True" condition-coverage="0% (0/2)">
                  <conditions>
                    <condition number="485" type="jump" coverage="0%" />
                  </conditions>
                </line>
                <line number="422" hits="0" branch="False" />
                <line number="430" hits="0" branch="True" condition-coverage="0% (0/6)">
                  <conditions>
                    <condition number="539" type="jump" coverage="0%" />
                    <condition number="551" type="jump" coverage="0%" />
                    <condition number="561" type="jump" coverage="0%" />
                  </conditions>
                </line>
                <line number="432" hits="0" branch="False" />
                <line number="433" hits="0" branch="False" />
                <line number="436" hits="0" branch="True" condition-coverage="0% (0/8)">
                  <conditions>
                    <condition number="600" type="jump" coverage="0%" />
                    <condition number="613" type="jump" coverage="0%" />
                    <condition number="628" type="jump" coverage="0%" />
                    <condition number="638" type="jump" coverage="0%" />
                  </conditions>
                </line>
                <line number="438" hits="0" branch="True" condition-coverage="0% (0/2)">
                  <conditions>
                    <condition number="737" type="jump" coverage="0%" />
                  </conditions>
                </line>
                <line number="440" hits="0" branch="False" />
                <line number="441" hits="0" branch="True" condition-coverage="0% (0/2)">
                  <conditions>
                    <condition number="704" type="jump" coverage="0%" />
                  </conditions>
                </line>
                <line number="443" hits="0" branch="False" />
                <line number="448" hits="0" branch="True" condition-coverage="0% (0/2)">
                  <conditions>
                    <condition number="1238" type="jump" coverage="0%" />
                  </conditions>
                </line>
                <line number="450" hits="0" branch="False" />
                <line number="451" hits="0" branch="True" condition-coverage="0% (0/8)">
                  <conditions>
                    <condition number="815" type="jump" coverage="0%" />
                    <condition number="833" type="jump" coverage="0%" />
                    <condition number="854" type="jump" coverage="0%" />
                    <condition number="875" type="jump" coverage="0%" />
                  </conditions>
                </line>
                <line number="452" hits="0" branch="False" />
                <line number="453" hits="0" branch="False" />
                <line number="454" hits="0" branch="False" />
                <line number="456" hits="0" branch="False" />
                <line number="457" hits="0" branch="True" condition-coverage="0% (0/2)">
                  <conditions>
                    <condition number="910" type="jump" coverage="0%" />
                  </conditions>
                </line>
                <line number="459" hits="0" branch="True" condition-coverage="0% (0/2)">
                  <conditions>
                    <condition number="922" type="jump" coverage="0%" />
                  </conditions>
                </line>
                <line number="460" hits="0" branch="False" />
                <line number="461" hits="0" branch="True" condition-coverage="0% (0/4)">
                  <conditions>
                    <condition number="964" type="jump" coverage="0%" />
                    <condition number="978" type="jump" coverage="0%" />
                  </conditions>
                </line>
                <line number="463" hits="0" branch="False" />
                <line number="465" hits="0" branch="True" condition-coverage="0% (0/2)">
                  <conditions>
                    <condition number="1010" type="jump" coverage="0%" />
                  </conditions>
                </line>
                <line number="467" hits="0" branch="False" />
                <line number="469" hits="0" branch="True" condition-coverage="0% (0/2)">
                  <conditions>
                    <condition number="1023" type="jump" coverage="0%" />
                  </conditions>
                </line>
                <line number="471" hits="0" branch="True" condition-coverage="0% (0/2)">
                  <conditions>
                    <condition number="1034" type="jump" coverage="0%" />
                  </conditions>
                </line>
                <line number="473" hits="0" branch="False" />
                <line number="474" hits="0" branch="True" condition-coverage="0% (0/4)">
                  <conditions>
                    <condition number="1060" type="jump" coverage="0%" />
                    <condition number="1075" type="jump" coverage="0%" />
                  </conditions>
                </line>
                <line number="476" hits="0" branch="True" condition-coverage="0% (0/2)">
                  <conditions>
                    <condition number="1092" type="jump" coverage="0%" />
                  </conditions>
                </line>
                <line number="477" hits="0" branch="True" condition-coverage="0% (0/2)">
                  <conditions>
                    <condition number="1107" type="jump" coverage="0%" />
                  </conditions>
                </line>
                <line number="481" hits="0" branch="False" />
                <line number="482" hits="0" branch="True" condition-coverage="0% (0/2)">
                  <conditions>
                    <condition number="1154" type="jump" coverage="0%" />
                  </conditions>
                </line>
                <line number="484" hits="0" branch="False" />
                <line number="490" hits="0" branch="False" />
                <line number="491" hits="0" branch="True" condition-coverage="0% (0/2)">
                  <conditions>
                    <condition number="1181" type="jump" coverage="0%" />
                  </conditions>
                </line>
                <line number="493" hits="0" branch="False" />
                <line number="494" hits="0" branch="True" condition-coverage="0% (0/4)">
                  <conditions>
                    <condition number="1200" type="jump" coverage="0%" />
                    <condition number="1215" type="jump" coverage="0%" />
                  </conditions>
                </line>
                <line number="496" hits="0" branch="False" />
                <line number="503" hits="0" branch="False" />
              </lines>
            </method>
            <method name="UnwrapOpenApiParameter" signature="(Microsoft.OpenApi.IOpenApiParameter)" line-rate="0" branch-rate="0" complexity="6">
              <lines>
                <line number="508" hits="0" branch="True" condition-coverage="0% (0/2)">
                  <conditions>
                    <condition number="8" type="jump" coverage="0%" />
                  </conditions>
                </line>
                <line number="510" hits="0" branch="True" condition-coverage="0% (0/2)">
                  <conditions>
                    <condition number="23" type="jump" coverage="0%" />
                  </conditions>
                </line>
                <line number="512" hits="0" branch="False" />
                <line number="516" hits="0" branch="False" />
                <line number="519" hits="0" branch="True" condition-coverage="0% (0/2)">
                  <conditions>
                    <condition number="46" type="jump" coverage="0%" />
                  </conditions>
                </line>
                <line number="521" hits="0" branch="False" />
                <line number="525" hits="0" branch="False" />
              </lines>
            </method>
          </methods>
          <lines>
            <line number="369" hits="0" branch="True" condition-coverage="0% (0/2)">
              <conditions>
                <condition number="18" type="jump" coverage="0%" />
              </conditions>
            </line>
            <line number="370" hits="0" branch="False" />
            <line number="371" hits="0" branch="False" />
            <line number="373" hits="0" branch="True" condition-coverage="0% (0/2)">
              <conditions>
                <condition number="56" type="jump" coverage="0%" />
              </conditions>
            </line>
            <line number="375" hits="0" branch="False" />
            <line number="377" hits="0" branch="True" condition-coverage="0% (0/2)">
              <conditions>
                <condition number="87" type="jump" coverage="0%" />
              </conditions>
            </line>
            <line number="379" hits="0" branch="True" condition-coverage="0% (0/2)">
              <conditions>
                <condition number="100" type="jump" coverage="0%" />
              </conditions>
            </line>
            <line number="381" hits="0" branch="False" />
            <line number="383" hits="0" branch="True" condition-coverage="0% (0/2)">
              <conditions>
                <condition number="119" type="jump" coverage="0%" />
              </conditions>
            </line>
            <line number="385" hits="0" branch="False" />
            <line number="387" hits="0" branch="True" condition-coverage="0% (0/2)">
              <conditions>
                <condition number="139" type="jump" coverage="0%" />
              </conditions>
            </line>
            <line number="389" hits="0" branch="False" />
            <line number="391" hits="0" branch="True" condition-coverage="0% (0/4)">
              <conditions>
                <condition number="159" type="jump" coverage="0%" />
                <condition number="172" type="jump" coverage="0%" />
              </conditions>
            </line>
            <line number="393" hits="0" branch="True" condition-coverage="0% (0/2)">
              <conditions>
                <condition number="508" type="jump" coverage="0%" />
              </conditions>
            </line>
            <line number="395" hits="0" branch="False" />
            <line number="396" hits="0" branch="True" condition-coverage="0% (0/2)">
              <conditions>
                <condition number="249" type="jump" coverage="0%" />
              </conditions>
            </line>
            <line number="397" hits="0" branch="True" condition-coverage="0% (0/2)">
              <conditions>
                <condition number="277" type="jump" coverage="0%" />
              </conditions>
            </line>
            <line number="399" hits="0" branch="False" />
            <line number="400" hits="0" branch="False" />
            <line number="401" hits="0" branch="True" condition-coverage="0% (0/2)">
              <conditions>
                <condition number="323" type="jump" coverage="0%" />
              </conditions>
            </line>
            <line number="403" hits="0" branch="False" />
            <line number="405" hits="0" branch="False" />
            <line number="409" hits="0" branch="False" />
            <line number="410" hits="0" branch="True" condition-coverage="0% (0/2)">
              <conditions>
                <condition number="373" type="jump" coverage="0%" />
              </conditions>
            </line>
            <line number="412" hits="0" branch="False" />
            <line number="413" hits="0" branch="True" condition-coverage="0% (0/2)">
              <conditions>
                <condition number="410" type="jump" coverage="0%" />
              </conditions>
            </line>
            <line number="415" hits="0" branch="True" condition-coverage="0% (0/4)">
              <conditions>
                <condition number="414" type="jump" coverage="0%" />
                <condition number="427" type="jump" coverage="0%" />
              </conditions>
            </line>
            <line number="416" hits="0" branch="True" condition-coverage="0% (0/2)">
              <conditions>
                <condition number="442" type="jump" coverage="0%" />
              </conditions>
            </line>
            <line number="420" hits="0" branch="True" condition-coverage="0% (0/2)">
              <conditions>
                <condition number="485" type="jump" coverage="0%" />
              </conditions>
            </line>
            <line number="422" hits="0" branch="False" />
            <line number="430" hits="0" branch="True" condition-coverage="0% (0/6)">
              <conditions>
                <condition number="539" type="jump" coverage="0%" />
                <condition number="551" type="jump" coverage="0%" />
                <condition number="561" type="jump" coverage="0%" />
              </conditions>
            </line>
            <line number="432" hits="0" branch="False" />
            <line number="433" hits="0" branch="False" />
            <line number="436" hits="0" branch="True" condition-coverage="0% (0/8)">
              <conditions>
                <condition number="600" type="jump" coverage="0%" />
                <condition number="613" type="jump" coverage="0%" />
                <condition number="628" type="jump" coverage="0%" />
                <condition number="638" type="jump" coverage="0%" />
              </conditions>
            </line>
            <line number="438" hits="0" branch="True" condition-coverage="0% (0/2)">
              <conditions>
                <condition number="737" type="jump" coverage="0%" />
              </conditions>
            </line>
            <line number="440" hits="0" branch="False" />
            <line number="441" hits="0" branch="True" condition-coverage="0% (0/2)">
              <conditions>
                <condition number="704" type="jump" coverage="0%" />
              </conditions>
            </line>
            <line number="443" hits="0" branch="False" />
            <line number="448" hits="0" branch="True" condition-coverage="0% (0/2)">
              <conditions>
                <condition number="1238" type="jump" coverage="0%" />
              </conditions>
            </line>
            <line number="450" hits="0" branch="False" />
            <line number="451" hits="0" branch="True" condition-coverage="0% (0/8)">
              <conditions>
                <condition number="815" type="jump" coverage="0%" />
                <condition number="833" type="jump" coverage="0%" />
                <condition number="854" type="jump" coverage="0%" />
                <condition number="875" type="jump" coverage="0%" />
              </conditions>
            </line>
            <line number="452" hits="0" branch="False" />
            <line number="453" hits="0" branch="False" />
            <line number="454" hits="0" branch="False" />
            <line number="456" hits="0" branch="False" />
            <line number="457" hits="0" branch="True" condition-coverage="0% (0/2)">
              <conditions>
                <condition number="910" type="jump" coverage="0%" />
              </conditions>
            </line>
            <line number="459" hits="0" branch="True" condition-coverage="0% (0/2)">
              <conditions>
                <condition number="922" type="jump" coverage="0%" />
              </conditions>
            </line>
            <line number="460" hits="0" branch="False" />
            <line number="461" hits="0" branch="True" condition-coverage="0% (0/4)">
              <conditions>
                <condition number="964" type="jump" coverage="0%" />
                <condition number="978" type="jump" coverage="0%" />
              </conditions>
            </line>
            <line number="463" hits="0" branch="False" />
            <line number="465" hits="0" branch="True" condition-coverage="0% (0/2)">
              <conditions>
                <condition number="1010" type="jump" coverage="0%" />
              </conditions>
            </line>
            <line number="467" hits="0" branch="False" />
            <line number="469" hits="0" branch="True" condition-coverage="0% (0/2)">
              <conditions>
                <condition number="1023" type="jump" coverage="0%" />
              </conditions>
            </line>
            <line number="471" hits="0" branch="True" condition-coverage="0% (0/2)">
              <conditions>
                <condition number="1034" type="jump" coverage="0%" />
              </conditions>
            </line>
            <line number="473" hits="0" branch="False" />
            <line number="474" hits="0" branch="True" condition-coverage="0% (0/4)">
              <conditions>
                <condition number="1060" type="jump" coverage="0%" />
                <condition number="1075" type="jump" coverage="0%" />
              </conditions>
            </line>
            <line number="476" hits="0" branch="True" condition-coverage="0% (0/2)">
              <conditions>
                <condition number="1092" type="jump" coverage="0%" />
              </conditions>
            </line>
            <line number="477" hits="0" branch="True" condition-coverage="0% (0/2)">
              <conditions>
                <condition number="1107" type="jump" coverage="0%" />
              </conditions>
            </line>
            <line number="481" hits="0" branch="False" />
            <line number="482" hits="0" branch="True" condition-coverage="0% (0/2)">
              <conditions>
                <condition number="1154" type="jump" coverage="0%" />
              </conditions>
            </line>
            <line number="484" hits="0" branch="False" />
            <line number="490" hits="0" branch="False" />
            <line number="491" hits="0" branch="True" condition-coverage="0% (0/2)">
              <conditions>
                <condition number="1181" type="jump" coverage="0%" />
              </conditions>
            </line>
            <line number="493" hits="0" branch="False" />
            <line number="494" hits="0" branch="True" condition-coverage="0% (0/4)">
              <conditions>
                <condition number="1200" type="jump" coverage="0%" />
                <condition number="1215" type="jump" coverage="0%" />
              </conditions>
            </line>
            <line number="496" hits="0" branch="False" />
            <line number="503" hits="0" branch="False" />
            <line number="508" hits="0" branch="True" condition-coverage="0% (0/2)">
              <conditions>
                <condition number="8" type="jump" coverage="0%" />
              </conditions>
            </line>
            <line number="510" hits="0" branch="True" condition-coverage="0% (0/2)">
              <conditions>
                <condition number="23" type="jump" coverage="0%" />
              </conditions>
            </line>
            <line number="512" hits="0" branch="False" />
            <line number="516" hits="0" branch="False" />
            <line number="519" hits="0" branch="True" condition-coverage="0% (0/2)">
              <conditions>
                <condition number="46" type="jump" coverage="0%" />
              </conditions>
            </line>
            <line number="521" hits="0" branch="False" />
            <line number="525" hits="0" branch="False" />
          </lines>
        </class>
        <class name="Microsoft.AspNetCore.OpenApi.Generated.&lt;OpenApiXmlCommentSupport_generated&gt;FFCC9D65A3C505A705AA3902432BE765970CC2C6FF4C813AB4AA1CEBAE4A57891__XmlCommentSchemaTransformer" filename="PokemonEncyclopedia.ApiService/obj/Release/net10.0/Microsoft.AspNetCore.OpenApi.SourceGenerators/Microsoft.AspNetCore.OpenApi.SourceGenerators.XmlCommentGenerator/OpenApiXmlCommentSupport.generated.cs" line-rate="0" branch-rate="0" complexity="34">
          <methods>
            <method name="TransformAsync" signature="(Microsoft.OpenApi.OpenApiSchema,Microsoft.AspNetCore.OpenApi.OpenApiSchemaTransformerContext,System.Threading.CancellationToken)" line-rate="0" branch-rate="0" complexity="34">
              <lines>
                <line number="536" hits="0" branch="True" condition-coverage="0% (0/2)">
                  <conditions>
                    <condition number="33" type="jump" coverage="0%" />
                  </conditions>
                </line>
                <line number="538" hits="0" branch="False" />
                <line number="539" hits="0" branch="True" condition-coverage="0% (0/4)">
                  <conditions>
                    <condition number="54" type="jump" coverage="0%" />
                    <condition number="67" type="jump" coverage="0%" />
                  </conditions>
                </line>
                <line number="541" hits="0" branch="False" />
                <line number="545" hits="0" branch="True" condition-coverage="0% (0/4)">
                  <conditions>
                    <condition number="89" type="jump" coverage="0%" />
                    <condition number="107" type="jump" coverage="0%" />
                  </conditions>
                </line>
                <line number="548" hits="0" branch="True" condition-coverage="0% (0/2)">
                  <conditions>
                    <condition number="135" type="jump" coverage="0%" />
                  </conditions>
                </line>
                <line number="550" hits="0" branch="False" />
                <line number="551" hits="0" branch="True" condition-coverage="0% (0/4)">
                  <conditions>
                    <condition number="156" type="jump" coverage="0%" />
                    <condition number="170" type="jump" coverage="0%" />
                  </conditions>
                </line>
                <line number="553" hits="0" branch="False" />
                <line number="555" hits="0" branch="True" condition-coverage="0% (0/2)">
                  <conditions>
                    <condition number="202" type="jump" coverage="0%" />
                  </conditions>
                </line>
                <line number="557" hits="0" branch="False" />
                <line number="559" hits="0" branch="True" condition-coverage="0% (0/6)">
                  <conditions>
                    <condition number="219" type="jump" coverage="0%" />
                    <condition number="239" type="jump" coverage="0%" />
                    <condition number="253" type="jump" coverage="0%" />
                  </conditions>
                </line>
                <line number="560" hits="0" branch="False" />
                <line number="561" hits="0" branch="False" />
                <line number="564" hits="0" branch="False" />
                <line number="565" hits="0" branch="True" condition-coverage="0% (0/4)">
                  <conditions>
                    <condition number="271" type="jump" coverage="0%" />
                    <condition number="286" type="jump" coverage="0%" />
                  </conditions>
                </line>
                <line number="567" hits="0" branch="False" />
                <line number="573" hits="0" branch="True" condition-coverage="0% (0/2)">
                  <conditions>
                    <condition number="310" type="jump" coverage="0%" />
                  </conditions>
                </line>
                <line number="575" hits="0" branch="False" />
                <line number="577" hits="0" branch="True" condition-coverage="0% (0/4)">
                  <conditions>
                    <condition number="338" type="jump" coverage="0%" />
                    <condition number="353" type="jump" coverage="0%" />
                  </conditions>
                </line>
                <line number="579" hits="0" branch="False" />
                <line number="584" hits="0" branch="False" />
              </lines>
            </method>
          </methods>
          <lines>
            <line number="536" hits="0" branch="True" condition-coverage="0% (0/2)">
              <conditions>
                <condition number="33" type="jump" coverage="0%" />
              </conditions>
            </line>
            <line number="538" hits="0" branch="False" />
            <line number="539" hits="0" branch="True" condition-coverage="0% (0/4)">
              <conditions>
                <condition number="54" type="jump" coverage="0%" />
                <condition number="67" type="jump" coverage="0%" />
              </conditions>
            </line>
            <line number="541" hits="0" branch="False" />
            <line number="545" hits="0" branch="True" condition-coverage="0% (0/4)">
              <conditions>
                <condition number="89" type="jump" coverage="0%" />
                <condition number="107" type="jump" coverage="0%" />
              </conditions>
            </line>
            <line number="548" hits="0" branch="True" condition-coverage="0% (0/2)">
              <conditions>
                <condition number="135" type="jump" coverage="0%" />
              </conditions>
            </line>
            <line number="550" hits="0" branch="False" />
            <line number="551" hits="0" branch="True" condition-coverage="0% (0/4)">
              <conditions>
                <condition number="156" type="jump" coverage="0%" />
                <condition number="170" type="jump" coverage="0%" />
              </conditions>
            </line>
            <line number="553" hits="0" branch="False" />
            <line number="555" hits="0" branch="True" condition-coverage="0% (0/2)">
              <conditions>
                <condition number="202" type="jump" coverage="0%" />
              </conditions>
            </line>
            <line number="557" hits="0" branch="False" />
            <line number="559" hits="0" branch="True" condition-coverage="0% (0/6)">
              <conditions>
                <condition number="219" type="jump" coverage="0%" />
                <condition number="239" type="jump" coverage="0%" />
                <condition number="253" type="jump" coverage="0%" />
              </conditions>
            </line>
            <line number="560" hits="0" branch="False" />
            <line number="561" hits="0" branch="False" />
            <line number="564" hits="0" branch="False" />
            <line number="565" hits="0" branch="True" condition-coverage="0% (0/4)">
              <conditions>
                <condition number="271" type="jump" coverage="0%" />
                <condition number="286" type="jump" coverage="0%" />
              </conditions>
            </line>
            <line number="567" hits="0" branch="False" />
            <line number="573" hits="0" branch="True" condition-coverage="0% (0/2)">
              <conditions>
                <condition number="310" type="jump" coverage="0%" />
              </conditions>
            </line>
            <line number="575" hits="0" branch="False" />
            <line number="577" hits="0" branch="True" condition-coverage="0% (0/4)">
              <conditions>
                <condition number="338" type="jump" coverage="0%" />
                <condition number="353" type="jump" coverage="0%" />
              </conditions>
            </line>
            <line number="579" hits="0" branch="False" />
            <line number="584" hits="0" branch="False" />
          </lines>
        </class>
        <class name="Microsoft.AspNetCore.OpenApi.Generated.&lt;OpenApiXmlCommentSupport_generated&gt;FFCC9D65A3C505A705AA3902432BE765970CC2C6FF4C813AB4AA1CEBAE4A57891__JsonNodeExtensions" filename="PokemonEncyclopedia.ApiService/obj/Release/net10.0/Microsoft.AspNetCore.OpenApi.SourceGenerators/Microsoft.AspNetCore.OpenApi.SourceGenerators.XmlCommentGenerator/OpenApiXmlCommentSupport.generated.cs" line-rate="0" branch-rate="0" complexity="2">
          <methods>
            <method name="Parse" signature="(System.String)" line-rate="0" branch-rate="0" complexity="2">
              <lines>
                <line number="593" hits="0" branch="True" condition-coverage="0% (0/2)">
                  <conditions>
                    <condition number="1" type="jump" coverage="0%" />
                  </conditions>
                </line>
                <line number="595" hits="0" branch="False" />
                <line number="600" hits="0" branch="False" />
                <line number="602" hits="0" branch="False" />
                <line number="607" hits="0" branch="False" />
                <line number="609" hits="0" branch="False" />
                <line number="611" hits="0" branch="False" />
                <line number="614" hits="0" branch="False" />
              </lines>
            </method>
          </methods>
          <lines>
            <line number="593" hits="0" branch="True" condition-coverage="0% (0/2)">
              <conditions>
                <condition number="1" type="jump" coverage="0%" />
              </conditions>
            </line>
            <line number="595" hits="0" branch="False" />
            <line number="600" hits="0" branch="False" />
            <line number="602" hits="0" branch="False" />
            <line number="607" hits="0" branch="False" />
            <line number="609" hits="0" branch="False" />
            <line number="611" hits="0" branch="False" />
            <line number="614" hits="0" branch="False" />
          </lines>
        </class>
        <class name="Microsoft.AspNetCore.OpenApi.Generated.&lt;OpenApiXmlCommentSupport_generated&gt;FFCC9D65A3C505A705AA3902432BE765970CC2C6FF4C813AB4AA1CEBAE4A57891__GeneratedServiceCollectionExtensions" filename="PokemonEncyclopedia.ApiService/obj/Release/net10.0/Microsoft.AspNetCore.OpenApi.SourceGenerators/Microsoft.AspNetCore.OpenApi.SourceGenerators.XmlCommentGenerator/OpenApiXmlCommentSupport.generated.cs" line-rate="0.5" branch-rate="1" complexity="1">
          <methods>
            <method name="AddOpenApi" signature="(Microsoft.Extensions.DependencyInjection.IServiceCollection,System.Action`1&lt;Microsoft.AspNetCore.OpenApi.OpenApiOptions&gt;)" line-rate="0.5" branch-rate="1" complexity="1">
              <lines>
                <line number="623" hits="2" branch="False" />
                <line number="624" hits="2" branch="False" />
                <line number="625" hits="0" branch="False" />
                <line number="626" hits="0" branch="False" />
                <line number="627" hits="0" branch="False" />
                <line number="628" hits="2" branch="False" />
              </lines>
            </method>
          </methods>
          <lines>
            <line number="623" hits="2" branch="False" />
            <line number="624" hits="2" branch="False" />
            <line number="625" hits="0" branch="False" />
            <line number="626" hits="0" branch="False" />
            <line number="627" hits="0" branch="False" />
            <line number="628" hits="2" branch="False" />
          </lines>
        </class>
        <class name="System.Runtime.CompilerServices.&lt;OpenApiXmlCommentSupport_generated&gt;FFCC9D65A3C505A705AA3902432BE765970CC2C6FF4C813AB4AA1CEBAE4A57891__InterceptsLocationAttribute" filename="PokemonEncyclopedia.ApiService/obj/Release/net10.0/Microsoft.AspNetCore.OpenApi.SourceGenerators/Microsoft.AspNetCore.OpenApi.SourceGenerators.XmlCommentGenerator/OpenApiXmlCommentSupport.generated.cs" line-rate="0" branch-rate="1" complexity="1">
          <methods>
            <method name=".ctor" signature="(System.Int32,System.String)" line-rate="0" branch-rate="1" complexity="1">
              <lines>
                <line number="20" hits="0" branch="False" />
                <line number="22" hits="0" branch="False" />
              </lines>
            </method>
          </methods>
          <lines>
            <line number="20" hits="0" branch="False" />
            <line number="22" hits="0" branch="False" />
          </lines>
        </class>
        <class name="PokemonEncyclopedia.ApiService.ApiServiceStartup" filename="PokemonEncyclopedia.ApiService/ApiServiceStartup.cs" line-rate="0.4432" branch-rate="0.6612" complexity="63">
          <methods>
            <method name="IsIntegrationTestMode" signature="(Microsoft.Extensions.Configuration.IConfiguration)" line-rate="1" branch-rate="0.5" complexity="4">
              <lines>
                <line number="24" hits="1" branch="True" condition-coverage="50% (1/2)">
                  <conditions>
                    <condition number="12" type="jump" coverage="50%" />
                  </conditions>
                </line>
                <line number="25" hits="1" branch="True" condition-coverage="50% (1/2)">
                  <conditions>
                    <condition number="33" type="jump" coverage="50%" />
                  </conditions>
                </line>
                <line number="26" hits="1" branch="False" />
              </lines>
            </method>
            <method name="ConfigureServices" signature="(Microsoft.AspNetCore.Builder.WebApplicationBuilder,System.Boolean)" line-rate="1" branch-rate="1" complexity="2">
              <lines>
                <line number="31" hits="2" branch="False" />
                <line number="32" hits="2" branch="False" />
                <line number="33" hits="2" branch="False" />
                <line number="34" hits="2" branch="False" />
                <line number="35" hits="2" branch="False" />
                <line number="37" hits="2" branch="False" />
                <line number="38" hits="2" branch="False" />
                <line number="39" hits="2" branch="False" />
                <line number="40" hits="2" branch="False" />
                <line number="41" hits="2" branch="False" />
                <line number="42" hits="2" branch="False" />
                <line number="44" hits="2" branch="False" />
                <line number="45" hits="2" branch="False" />
                <line number="47" hits="2" branch="True" condition-coverage="100% (2/2)">
                  <conditions>
                    <condition number="173" type="jump" coverage="100%" />
                  </conditions>
                </line>
                <line number="48" hits="1" branch="False" />
                <line number="50" hits="1" branch="False" />
                <line number="51" hits="1" branch="False" />
                <line number="53" hits="1" branch="False" />
                <line number="54" hits="1" branch="False" />
                <line number="55" hits="1" branch="False" />
                <line number="57" hits="1" branch="False" />
                <line number="58" hits="1" branch="False" />
                <line number="59" hits="1" branch="False" />
                <line number="60" hits="1" branch="False" />
                <line number="61" hits="1" branch="False" />
                <line number="62" hits="1" branch="False" />
                <line number="63" hits="1" branch="False" />
                <line number="64" hits="1" branch="False" />
                <line number="65" hits="1" branch="False" />
                <line number="66" hits="1" branch="False" />
                <line number="67" hits="1" branch="False" />
              </lines>
            </method>
            <method name="ConfigurePipeline" signature="(Microsoft.AspNetCore.Builder.WebApplication,System.Boolean)" line-rate="0" branch-rate="0" complexity="6">
              <lines>
                <line number="71" hits="0" branch="False" />
                <line number="72" hits="0" branch="False" />
                <line number="74" hits="0" branch="False" />
                <line number="75" hits="0" branch="False" />
                <line number="77" hits="0" branch="False" />
                <line number="79" hits="0" branch="True" condition-coverage="0% (0/2)">
                  <conditions>
                    <condition number="133" type="jump" coverage="0%" />
                  </conditions>
                </line>
                <line number="81" hits="0" branch="False" />
                <line number="82" hits="0" branch="False" />
                <line number="83" hits="0" branch="False" />
                <line number="84" hits="0" branch="False" />
                <line number="85" hits="0" branch="False" />
                <line number="86" hits="0" branch="False" />
                <line number="87" hits="0" branch="False" />
                <line number="88" hits="0" branch="False" />
                <line number="89" hits="0" branch="False" />
                <line number="91" hits="0" branch="False" />
                <line number="92" hits="0" branch="False" />
                <line number="93" hits="0" branch="False" />
                <line number="94" hits="0" branch="False" />
                <line number="95" hits="0" branch="False" />
                <line number="96" hits="0" branch="False" />
                <line number="97" hits="0" branch="False" />
                <line number="99" hits="0" branch="False" />
                <line number="100" hits="0" branch="False" />
                <line number="101" hits="0" branch="False" />
                <line number="102" hits="0" branch="False" />
                <line number="103" hits="0" branch="False" />
                <line number="104" hits="0" branch="False" />
                <line number="105" hits="0" branch="False" />
                <line number="106" hits="0" branch="False" />
                <line number="107" hits="0" branch="False" />
                <line number="109" hits="0" branch="False" />
                <line number="110" hits="0" branch="False" />
                <line number="111" hits="0" branch="False" />
                <line number="112" hits="0" branch="False" />
                <line number="115" hits="0" branch="False" />
                <line number="116" hits="0" branch="False" />
                <line number="117" hits="0" branch="False" />
                <line number="118" hits="0" branch="True" condition-coverage="0% (0/2)">
                  <conditions>
                    <condition number="79" type="jump" coverage="0%" />
                  </conditions>
                </line>
                <line number="119" hits="0" branch="False" />
                <line number="120" hits="0" branch="False" />
                <line number="122" hits="0" branch="False" />
                <line number="123" hits="0" branch="False" />
[...]
          <methods>
            <method name="MoveNext" signature="()" line-rate="1" branch-rate="1" complexity="1">
              <lines>
                <line number="23" hits="1" branch="False" />
                <line number="24" hits="1" branch="False" />
                <line number="25" hits="1" branch="False" />
              </lines>
            </method>
          </methods>
          <lines>
            <line number="23" hits="1" branch="False" />
            <line number="24" hits="1" branch="False" />
            <line number="25" hits="1" branch="False" />
          </lines>
        </class>
        <class name="PokemonEncyclopedia.Application.Features.GetMoveByName.GetMoveByNameQuery" filename="PokemonEncyclopedia.Application/Features/GetMoveByName/GetMoveByNameQuery.cs" line-rate="1" branch-rate="1" complexity="1">
          <methods>
            <method name="get_Name" signature="()" line-rate="1" branch-rate="1" complexity="1">
              <lines>
                <line number="6" hits="15" branch="False" />
              </lines>
            </method>
          </methods>
          <lines>
            <line number="6" hits="15" branch="False" />
          </lines>
        </class>
        <class name="PokemonEncyclopedia.Application.Features.GetMoveByName.GetMoveByNameValidator" filename="PokemonEncyclopedia.Application/Features/GetMoveByName/GetMoveByNameValidator.cs" line-rate="1" branch-rate="1" complexity="1">
          <methods>
            <method name=".ctor" signature="()" line-rate="1" branch-rate="1" complexity="1">
              <lines>
                <line number="7" hits="3" branch="False" />
                <line number="9" hits="3" branch="False" />
                <line number="10" hits="3" branch="False" />
                <line number="11" hits="3" branch="False" />
                <line number="12" hits="3" branch="False" />
                <line number="13" hits="3" branch="False" />
                <line number="14" hits="3" branch="False" />
              </lines>
            </method>
          </methods>
          <lines>
            <line number="7" hits="3" branch="False" />
            <line number="9" hits="3" branch="False" />
            <line number="10" hits="3" branch="False" />
            <line number="11" hits="3" branch="False" />
            <line number="12" hits="3" branch="False" />
            <line number="13" hits="3" branch="False" />
            <line number="14" hits="3" branch="False" />
          </lines>
        </class>
        <class name="PokemonEncyclopedia.Application.Features.GetEvolutionChainBySpeciesName.GetEvolutionChainBySpeciesNameHandler" filename="PokemonEncyclopedia.Application/Features/GetEvolutionChainBySpeciesName/GetEvolutionChainBySpeciesNameHandler.cs" line-rate="1" branch-rate="1" complexity="1">
          <methods>
            <method name=".ctor" signature="(PokemonEncyclopedia.Application.Services.IPokemonCatalogService,Microsoft.Extensions.Logging.ILogger`1&lt;PokemonEncyclopedia.Application.Features.GetEvolutionChainBySpeciesName.GetEvolutionChainBySpeciesNameHandler&gt;)" line-rate="1" branch-rate="1" complexity="1">
              <lines>
                <line number="14" hits="1" branch="False" />
                <line number="15" hits="1" branch="False" />
                <line number="16" hits="1" branch="False" />
                <line number="18" hits="1" branch="False" />
                <line number="19" hits="1" branch="False" />
                <line number="20" hits="1" branch="False" />
              </lines>
            </method>
          </methods>
          <lines>
            <line number="14" hits="1" branch="False" />
            <line number="15" hits="1" branch="False" />
            <line number="16" hits="1" branch="False" />
            <line number="18" hits="1" branch="False" />
            <line number="19" hits="1" branch="False" />
            <line number="20" hits="1" branch="False" />
          </lines>
        </class>
        <class name="PokemonEncyclopedia.Application.Features.GetEvolutionChainBySpeciesName.GetEvolutionChainBySpeciesNameHandler/&lt;Handle&gt;d__3" filename="PokemonEncyclopedia.Application/Features/GetEvolutionChainBySpeciesName/GetEvolutionChainBySpeciesNameHandler.cs" line-rate="1" branch-rate="1" complexity="1">
          <methods>
            <method name="MoveNext" signature="()" line-rate="1" branch-rate="1" complexity="1">
              <lines>
                <line number="25" hits="1" branch="False" />
                <line number="26" hits="1" branch="False" />
                <line number="27" hits="1" branch="False" />
                <line number="28" hits="1" branch="False" />
              </lines>
            </method>
          </methods>
          <lines>
            <line number="25" hits="1" branch="False" />
            <line number="26" hits="1" branch="False" />
            <line number="27" hits="1" branch="False" />
            <line number="28" hits="1" branch="False" />
          </lines>
        </class>
        <class name="PokemonEncyclopedia.Application.Features.GetEvolutionChainBySpeciesName.GetEvolutionChainBySpeciesNameQuery" filename="PokemonEncyclopedia.Application/Features/GetEvolutionChainBySpeciesName/GetEvolutionChainBySpeciesNameQuery.cs" line-rate="1" branch-rate="1" complexity="1">
          <methods>
            <method name="get_SpeciesName" signature="()" line-rate="1" branch-rate="1" complexity="1">
              <lines>
                <line number="6" hits="15" branch="False" />
              </lines>
            </method>
          </methods>
          <lines>
            <line number="6" hits="15" branch="False" />
          </lines>
        </class>
        <class name="PokemonEncyclopedia.Application.Features.GetEvolutionChainBySpeciesName.GetEvolutionChainBySpeciesNameValidator" filename="PokemonEncyclopedia.Application/Features/GetEvolutionChainBySpeciesName/GetEvolutionChainBySpeciesNameValidator.cs" line-rate="1" branch-rate="1" complexity="1">
          <methods>
            <method name=".ctor" signature="()" line-rate="1" branch-rate="1" complexity="1">
              <lines>
                <line number="7" hits="3" branch="False" />
                <line number="9" hits="3" branch="False" />
                <line number="10" hits="3" branch="False" />
                <line number="11" hits="3" branch="False" />
                <line number="12" hits="3" branch="False" />
                <line number="13" hits="3" branch="False" />
                <line number="14" hits="3" branch="False" />
              </lines>
            </method>
          </methods>
          <lines>
            <line number="7" hits="3" branch="False" />
            <line number="9" hits="3" branch="False" />
            <line number="10" hits="3" branch="False" />
            <line number="11" hits="3" branch="False" />
            <line number="12" hits="3" branch="False" />
            <line number="13" hits="3" branch="False" />
            <line number="14" hits="3" branch="False" />
          </lines>
        </class>
        <class name="PokemonEncyclopedia.Application.Features.GetAllPokemon.GetAllPokemonDetailsHandler" filename="PokemonEncyclopedia.Application/Features/GetAllPokemon/GetAllPokemonDetailsHandler.cs" line-rate="1" branch-rate="1" complexity="1">
          <methods>
            <method name=".ctor" signature="(PokemonEncyclopedia.Application.Services.IPokemonCatalogService,Microsoft.Extensions.Logging.ILogger`1&lt;PokemonEncyclopedia.Application.Features.GetAllPokemon.GetAllPokemonDetailsHandler&gt;)" line-rate="1" branch-rate="1" complexity="1">
              <lines>
                <line number="13" hits="1" branch="False" />
                <line number="14" hits="1" branch="False" />
                <line number="15" hits="1" branch="False" />
                <line number="17" hits="1" branch="False" />
                <line number="18" hits="1" branch="False" />
                <line number="19" hits="1" branch="False" />
              </lines>
            </method>
          </methods>
          <lines>
            <line number="13" hits="1" branch="False" />
            <line number="14" hits="1" branch="False" />
            <line number="15" hits="1" branch="False" />
            <line number="17" hits="1" branch="False" />
            <line number="18" hits="1" branch="False" />
            <line number="19" hits="1" branch="False" />
          </lines>
        </class>
        <class name="PokemonEncyclopedia.Application.Features.GetAllPokemon.GetAllPokemonDetailsHandler/&lt;Handle&gt;d__3" filename="PokemonEncyclopedia.Application/Features/GetAllPokemon/GetAllPokemonDetailsHandler.cs" line-rate="1" branch-rate="1" complexity="1">
          <methods>
            <method name="MoveNext" signature="()" line-rate="1" branch-rate="1" complexity="1">
              <lines>
                <line number="23" hits="1" branch="False" />
                <line number="24" hits="1" branch="False" />
                <line number="25" hits="1" branch="False" />
              </lines>
            </method>
          </methods>
          <lines>
            <line number="23" hits="1" branch="False" />
            <line number="24" hits="1" branch="False" />
            <line number="25" hits="1" branch="False" />
          </lines>
        </class>
        <class name="PokemonEncyclopedia.Application.Features.GetAllPokemon.GetAllPokemonHandler" filename="PokemonEncyclopedia.Application/Features/GetAllPokemon/GetAllPokemonHandler.cs" line-rate="1" branch-rate="1" complexity="1">
          <methods>
            <method name=".ctor" signature="(PokemonEncyclopedia.Application.Services.IPokemonCatalogService,Microsoft.Extensions.Logging.ILogger`1&lt;PokemonEncyclopedia.Application.Features.GetAllPokemon.GetAllPokemonHandler&gt;)" line-rate="1" branch-rate="1" complexity="1">
              <lines>
                <line number="13" hits="1" branch="False" />
                <line number="14" hits="1" branch="False" />
                <line number="15" hits="1" branch="False" />
                <line number="17" hits="1" branch="False" />
                <line number="18" hits="1" branch="False" />
                <line number="19" hits="1" branch="False" />
              </lines>
            </method>
          </methods>
          <lines>
            <line number="13" hits="1" branch="False" />
            <line number="14" hits="1" branch="False" />
            <line number="15" hits="1" branch="False" />
            <line number="17" hits="1" branch="False" />
            <line number="18" hits="1" branch="False" />
            <line number="19" hits="1" branch="False" />
          </lines>
        </class>
        <class name="PokemonEncyclopedia.Application.Features.GetAllPokemon.GetAllPokemonHandler/&lt;Handle&gt;d__3" filename="PokemonEncyclopedia.Application/Features/GetAllPokemon/GetAllPokemonHandler.cs" line-rate="1" branch-rate="1" complexity="1">
          <methods>
            <method name="MoveNext" signature="()" line-rate="1" branch-rate="1" complexity="1">
              <lines>
                <line number="23" hits="1" branch="False" />
                <line number="24" hits="1" branch="False" />
                <line number="25" hits="1" branch="False" />
              </lines>
            </method>
          </methods>
          <lines>
            <line number="23" hits="1" branch="False" />
            <line number="24" hits="1" branch="False" />
            <line number="25" hits="1" branch="False" />
          </lines>
        </class>
        <class name="PokemonEncyclopedia.Application.Features.GetAllAbilities.GetAllAbilitiesHandler" filename="PokemonEncyclopedia.Application/Features/GetAllAbilities/GetAllAbilitiesHandler.cs" line-rate="1" branch-rate="1" complexity="1">
          <methods>
            <method name=".ctor" signature="(PokemonEncyclopedia.Application.Services.IPokemonCatalogService,Microsoft.Extensions.Logging.ILogger`1&lt;PokemonEncyclopedia.Application.Features.GetAllAbilities.GetAllAbilitiesHandler&gt;)" line-rate="1" branch-rate="1" complexity="1">
              <lines>
                <line number="13" hits="1" branch="False" />
                <line number="14" hits="1" branch="False" />
                <line number="15" hits="1" branch="False" />
                <line number="17" hits="1" branch="False" />
                <line number="18" hits="1" branch="False" />
                <line number="19" hits="1" branch="False" />
              </lines>
            </method>
          </methods>
          <lines>
            <line number="13" hits="1" branch="False" />
            <line number="14" hits="1" branch="False" />
            <line number="15" hits="1" branch="False" />
            <line number="17" hits="1" branch="False" />
            <line number="18" hits="1" branch="False" />
            <line number="19" hits="1" branch="False" />
          </lines>
        </class>
        <class name="PokemonEncyclopedia.Application.Features.GetAllAbilities.GetAllAbilitiesHandler/&lt;Handle&gt;d__3" filename="PokemonEncyclopedia.Application/Features/GetAllAbilities/GetAllAbilitiesHandler.cs" line-rate="1" branch-rate="1" complexity="1">
          <methods>
            <method name="MoveNext" signature="()" line-rate="1" branch-rate="1" complexity="1">
              <lines>
                <line number="23" hits="1" branch="False" />
                <line number="24" hits="1" branch="False" />
                <line number="25" hits="1" branch="False" />
              </lines>
            </method>
          </methods>
          <lines>
            <line number="23" hits="1" branch="False" />
            <line number="24" hits="1" branch="False" />
            <line number="25" hits="1" branch="False" />
          </lines>
        </class>
        <class name="PokemonEncyclopedia.Application.Features.GetAbilityByName.GetAbilityByNameHandler" filename="PokemonEncyclopedia.Application/Features/GetAbilityByName/GetAbilityByNameHandler.cs" line-rate="1" branch-rate="1" complexity="1">
          <methods>
            <method name=".ctor" signature="(PokemonEncyclopedia.Application.Services.IPokemonCatalogService,Microsoft.Extensions.Logging.ILogger`1&lt;PokemonEncyclopedia.Application.Features.GetAbilityByName.GetAbilityByNameHandler&gt;)" line-rate="1" branch-rate="1" complexity="1">
              <lines>
                <line number="13" hits="1" branch="False" />
                <line number="14" hits="1" branch="False" />
                <line number="15" hits="1" branch="False" />
                <line number="17" hits="1" branch="False" />
                <line number="18" hits="1" branch="False" />
                <line number="19" hits="1" branch="False" />
              </lines>
            </method>
          </methods>
          <lines>
            <line number="13" hits="1" branch="False" />
            <line number="14" hits="1" branch="False" />
            <line number="15" hits="1" branch="False" />
            <line number="17" hits="1" branch="False" />
            <line number="18" hits="1" branch="False" />
            <line number="19" hits="1" branch="False" />
          </lines>
        </class>
        <class name="PokemonEncyclopedia.Application.Features.GetAbilityByName.GetAbilityByNameHandler/&lt;Handle&gt;d__3" filename="PokemonEncyclopedia.Application/Features/GetAbilityByName/GetAbilityByNameHandler.cs" line-rate="1" branch-rate="1" complexity="1">
          <methods>
            <method name="MoveNext" signature="()" line-rate="1" branch-rate="1" complexity="1">
              <lines>
                <line number="23" hits="1" branch="False" />
                <line number="24" hits="1" branch="False" />
                <line number="25" hits="1" branch="False" />
                <line number="26" hits="1" branch="False" />
              </lines>
            </method>
          </methods>
          <lines>
            <line number="23" hits="1" branch="False" />
            <line number="24" hits="1" branch="False" />
            <line number="25" hits="1" branch="False" />
            <line number="26" hits="1" branch="False" />
          </lines>
        </class>
        <class name="PokemonEncyclopedia.Application.Features.GetAbilityByName.GetAbilityByNameQuery" filename="PokemonEncyclopedia.Application/Features/GetAbilityByName/GetAbilityByNameQuery.cs" line-rate="1" branch-rate="1" complexity="1">
          <methods>
            <method name="get_Name" signature="()" line-rate="1" branch-rate="1" complexity="1">
              <lines>
                <line number="6" hits="5" branch="False" />
              </lines>
            </method>
          </methods>
          <lines>
            <line number="6" hits="5" branch="False" />
          </lines>
        </class>
        <class name="PokemonEncyclopedia.Application.DTOs.PokemonListItemDto" filename="PokemonEncyclopedia.Application/DTOs/PokemonListItemDto.cs" line-rate="1" branch-rate="1" complexity="5">
          <methods>
            <method name="get_Id" signature="()" line-rate="1" branch-rate="1" complexity="1">
              <lines>
                <line number="12" hits="4" branch="False" />
              </lines>
            </method>
            <method name="get_Name" signature="()" line-rate="1" branch-rate="1" complexity="1">
              <lines>
                <line number="17" hits="8" branch="False" />
              </lines>
            </method>
            <method name="get_ImageUrl" signature="()" line-rate="1" branch-rate="1" complexity="1">
              <lines>
                <line number="22" hits="10" branch="False" />
              </lines>
            </method>
            <method name="get_IsLegendary" signature="()" line-rate="1" branch-rate="1" complexity="1">
              <lines>
                <line number="27" hits="2" branch="False" />
              </lines>
            </method>
            <method name="get_IsMythical" signature="()" line-rate="1" branch-rate="1" complexity="1">
              <lines>
                <line number="32" hits="2" branch="False" />
              </lines>
            </method>
          </methods>
          <lines>
            <line number="12" hits="4" branch="False" />
            <line number="17" hits="8" branch="False" />
            <line number="22" hits="10" branch="False" />
            <line number="27" hits="2" branch="False" />
            <line number="32" hits="2" branch="False" />
          </lines>
        </class>
        <class name="PokemonEncyclopedia.Application.DependencyInjection.ApplicationServiceCollectionExtensions" filename="PokemonEncyclopedia.Application/DependencyInjection/ApplicationServiceCollectionExtensions.cs" line-rate="1" branch-rate="1" complexity="1">
          <methods>
            <method name="AddApplicationServices" signature="(Microsoft.Extensions.DependencyInjection.IServiceCollection)" line-rate="1" branch-rate="1" complexity="1">
              <lines>
                <line number="13" hits="2" branch="False" />
                <line number="14" hits="2" branch="False" />
                <line number="15" hits="2" branch="False" />
                <line number="17" hits="2" branch="False" />
              </lines>
            </method>
          </methods>
          <lines>
            <line number="13" hits="2" branch="False" />
            <line number="14" hits="2" branch="False" />
            <line number="15" hits="2" branch="False" />
            <line number="17" hits="2" branch="False" />
          </lines>
        </class>
      </classes>
    </package>
  </packages>
</coverage>